[24янв.2024 13:32:42.821] [main/INFO] [cpw.mods.modlauncher.Launcher/MODLAUNCHER]: ModLauncher running: args [--launchTarget, forgeclientuserdev, --version, MOD_DEV, --assetIndex, 1.19, --assetsDir, C:\Users\Artem\.gradle\caches\forge_gradle\assets, --gameDir, ., --fml.forgeVersion, 43.3.7, --fml.mcVersion, 1.19.2, --fml.forgeGroup, net.minecraftforge, --fml.mcpVersion, 20220805.130853, -mixin.config=kotlinscript.mixins.json]
[24янв.2024 13:32:42.825] [main/INFO] [cpw.mods.modlauncher.Launcher/MODLAUNCHER]: ModLauncher 10.0.9+10.0.9+main.dcd20f30 starting: java version 17.0.8 by Microsoft; OS Windows 10 arch amd64 version 10.0
[24янв.2024 13:32:42.934] [main/INFO] [mixin/]: SpongePowered MIXIN Subsystem Version=0.8.5 Source=union:/C:/Users/Artem/.gradle/caches/modules-2/files-2.1/org.spongepowered/mixin/0.8.5/9d1c0c3a304ae6697ecd477218fa61b850bf57fc/mixin-0.8.5.jar%23148!/ Service=ModLauncher Env=CLIENT
[24янв.2024 13:32:43.208] [main/WARN] [net.minecraftforge.fml.loading.moddiscovery.ModFileParser/LOADING]: Mod file C:\Users\Artem\.gradle\caches\modules-2\files-2.1\net.minecraftforge\javafmllanguage\1.19.2-43.3.7\2768830b2246afc11e45c435d5f7bdcb9ab4431\javafmllanguage-1.19.2-43.3.7.jar is missing mods.toml file
[24янв.2024 13:32:43.210] [main/WARN] [net.minecraftforge.fml.loading.moddiscovery.ModFileParser/LOADING]: Mod file C:\Users\Artem\.gradle\caches\modules-2\files-2.1\net.minecraftforge\lowcodelanguage\1.19.2-43.3.7\64fbd736a2de399db2565b8ae1a94b1d211c6fb7\lowcodelanguage-1.19.2-43.3.7.jar is missing mods.toml file
[24янв.2024 13:32:43.212] [main/WARN] [net.minecraftforge.fml.loading.moddiscovery.ModFileParser/LOADING]: Mod file C:\Users\Artem\.gradle\caches\modules-2\files-2.1\net.minecraftforge\mclanguage\1.19.2-43.3.7\ce411f6d96831ebc36f6e17ace0fcee3a4ca462a\mclanguage-1.19.2-43.3.7.jar is missing mods.toml file
[24янв.2024 13:32:43.215] [main/WARN] [net.minecraftforge.fml.loading.moddiscovery.ModFileParser/LOADING]: Mod file C:\Users\Artem\.gradle\caches\modules-2\files-2.1\net.minecraftforge\fmlcore\1.19.2-43.3.7\92c74233945e6893544a2e2b6694252250bb3db4\fmlcore-1.19.2-43.3.7.jar is missing mods.toml file
[24янв.2024 13:32:43.224] [main/ERROR] [net.minecraftforge.fml.loading.moddiscovery.ModDiscoverer/SCAN]: Locator net.minecraftforge.fml.loading.moddiscovery.MinecraftLocator@3c7cfcbb found an invalid mod file net.minecraftforge.fml.loading.moddiscovery.ModFileInfo@65bb9029
net.minecraftforge.fml.loading.moddiscovery.InvalidModFileException: Illegal version number specified mod_version (main)
	at net.minecraftforge.fml.loading.moddiscovery.ModInfo.<init>(ModInfo.java:106) ~[fmlloader-1.19.2-43.3.7.jar%23124!/:?]
	at net.minecraftforge.fml.loading.moddiscovery.ModFileInfo.lambda$new$2(ModFileInfo.java:69) ~[fmlloader-1.19.2-43.3.7.jar%23124!/:?]
	at java.util.stream.ReferencePipeline$3$1.accept(ReferencePipeline.java:197) ~[?:?]
	at java.util.ArrayList$ArrayListSpliterator.forEachRemaining(ArrayList.java:1625) ~[?:?]
	at java.util.stream.AbstractPipeline.copyInto(AbstractPipeline.java:509) ~[?:?]
	at java.util.stream.AbstractPipeline.wrapAndCopyInto(AbstractPipeline.java:499) ~[?:?]
	at java.util.stream.ReduceOps$ReduceOp.evaluateSequential(ReduceOps.java:921) ~[?:?]
	at java.util.stream.AbstractPipeline.evaluate(AbstractPipeline.java:234) ~[?:?]
	at java.util.stream.ReferencePipeline.collect(ReferencePipeline.java:682) ~[?:?]
	at net.minecraftforge.fml.loading.moddiscovery.ModFileInfo.<init>(ModFileInfo.java:70) ~[fmlloader-1.19.2-43.3.7.jar%23124!/:?]
	at net.minecraftforge.fml.loading.moddiscovery.ModFileParser.modsTomlParser(ModFileParser.java:47) ~[fmlloader-1.19.2-43.3.7.jar%23124!/:?]
	at net.minecraftforge.fml.loading.moddiscovery.ModFileParser.readModList(ModFileParser.java:31) ~[fmlloader-1.19.2-43.3.7.jar%23124!/:?]
	at net.minecraftforge.fml.loading.moddiscovery.ModFile.<init>(ModFile.java:79) ~[fmlloader-1.19.2-43.3.7.jar%23124!/:?]
	at net.minecraftforge.fml.loading.moddiscovery.ModFile.<init>(ModFile.java:68) ~[fmlloader-1.19.2-43.3.7.jar%23124!/:?]
	at net.minecraftforge.fml.loading.moddiscovery.AbstractModProvider.createMod(AbstractModProvider.java:52) ~[fmlloader-1.19.2-43.3.7.jar%23124!/:?]
	at net.minecraftforge.fml.loading.moddiscovery.MinecraftLocator.lambda$scanMods$6(MinecraftLocator.java:43) ~[fmlloader-1.19.2-43.3.7.jar%23124!/:?]
	at java.util.stream.ReferencePipeline$3$1.accept(ReferencePipeline.java:197) ~[?:?]
	at java.util.AbstractList$RandomAccessSpliterator.forEachRemaining(AbstractList.java:720) ~[?:?]
	at java.util.stream.AbstractPipeline.copyInto(AbstractPipeline.java:509) ~[?:?]
	at java.util.stream.AbstractPipeline.wrapAndCopyInto(AbstractPipeline.java:499) ~[?:?]
	at java.util.stream.StreamSpliterators$WrappingSpliterator.forEachRemaining(StreamSpliterators.java:310) ~[?:?]
	at java.util.stream.Streams$ConcatSpliterator.forEachRemaining(Streams.java:735) ~[?:?]
	at java.util.stream.AbstractPipeline.copyInto(AbstractPipeline.java:509) ~[?:?]
	at java.util.stream.AbstractPipeline.wrapAndCopyInto(AbstractPipeline.java:499) ~[?:?]
	at java.util.stream.AbstractPipeline.evaluate(AbstractPipeline.java:575) ~[?:?]
	at java.util.stream.AbstractPipeline.evaluateToArrayNode(AbstractPipeline.java:260) ~[?:?]
	at java.util.stream.ReferencePipeline.toArray(ReferencePipeline.java:616) ~[?:?]
	at java.util.stream.ReferencePipeline.toArray(ReferencePipeline.java:622) ~[?:?]
	at java.util.stream.ReferencePipeline.toList(ReferencePipeline.java:627) ~[?:?]
	at net.minecraftforge.fml.loading.moddiscovery.MinecraftLocator.scanMods(MinecraftLocator.java:47) ~[fmlloader-1.19.2-43.3.7.jar%23124!/:?]
	at net.minecraftforge.fml.loading.moddiscovery.ModDiscoverer.discoverMods(ModDiscoverer.java:74) ~[fmlloader-1.19.2-43.3.7.jar%23124!/:?]
	at net.minecraftforge.fml.loading.FMLLoader.beginModScan(FMLLoader.java:166) ~[fmlloader-1.19.2-43.3.7.jar%23124!/:1.0]
	at net.minecraftforge.fml.loading.FMLServiceProvider.beginScanning(FMLServiceProvider.java:86) ~[fmlloader-1.19.2-43.3.7.jar%23124!/:1.0]
	at cpw.mods.modlauncher.TransformationServiceDecorator.runScan(TransformationServiceDecorator.java:112) ~[modlauncher-10.0.9.jar%23136!/:?]
	at cpw.mods.modlauncher.TransformationServicesHandler.lambda$runScanningTransformationServices$8(TransformationServicesHandler.java:100) ~[modlauncher-10.0.9.jar%23136!/:?]
	at java.util.stream.ReferencePipeline$3$1.accept(ReferencePipeline.java:197) [?:?]
	at java.util.HashMap$ValueSpliterator.forEachRemaining(HashMap.java:1779) [?:?]
	at java.util.stream.AbstractPipeline.copyInto(AbstractPipeline.java:509) [?:?]
	at java.util.stream.AbstractPipeline.wrapAndCopyInto(AbstractPipeline.java:499) [?:?]
	at java.util.stream.AbstractPipeline.evaluate(AbstractPipeline.java:575) [?:?]
	at java.util.stream.AbstractPipeline.evaluateToArrayNode(AbstractPipeline.java:260) [?:?]
	at java.util.stream.ReferencePipeline.toArray(ReferencePipeline.java:616) [?:?]
	at java.util.stream.ReferencePipeline.toArray(ReferencePipeline.java:622) [?:?]
	at java.util.stream.ReferencePipeline.toList(ReferencePipeline.java:627) [?:?]
	at cpw.mods.modlauncher.TransformationServicesHandler.runScanningTransformationServices(TransformationServicesHandler.java:102) [modlauncher-10.0.9.jar%23136!/:?]
	at cpw.mods.modlauncher.TransformationServicesHandler.initializeTransformationServices(TransformationServicesHandler.java:55) [modlauncher-10.0.9.jar%23136!/:?]
	at cpw.mods.modlauncher.Launcher.run(Launcher.java:88) [modlauncher-10.0.9.jar%23136!/:?]
	at cpw.mods.modlauncher.Launcher.main(Launcher.java:78) [modlauncher-10.0.9.jar%23136!/:?]
	at cpw.mods.modlauncher.BootstrapLaunchConsumer.accept(BootstrapLaunchConsumer.java:26) [modlauncher-10.0.9.jar%23136!/:?]
	at cpw.mods.modlauncher.BootstrapLaunchConsumer.accept(BootstrapLaunchConsumer.java:23) [modlauncher-10.0.9.jar%23136!/:?]
	at cpw.mods.bootstraplauncher.BootstrapLauncher.main(BootstrapLauncher.java:141) [bootstraplauncher-1.1.2.jar:?]
[24янв.2024 13:32:43.422] [main/INFO] [net.minecraftforge.fml.loading.moddiscovery.JarInJarDependencyLocator/]: Found 3 dependencies adding them to mods collection
[24янв.2024 13:32:43.463] [main/ERROR] [net.minecraftforge.fml.loading.LanguageLoadingProvider/LOADING]: Missing language javafml version [34,) wanted by spark-361579-4505309_mapped_parchment_2022.11.27-1.19.2.jar
[24янв.2024 13:32:43.465] [main/ERROR] [net.minecraftforge.fml.loading.LanguageLoadingProvider/LOADING]: Missing language javafml version [39,) wanted by embeddium-908741-4984830_mapped_parchment_2022.11.27-1.19.2.jar
[24янв.2024 13:32:43.465] [main/ERROR] [net.minecraftforge.fml.loading.LanguageLoadingProvider/LOADING]: Missing language javafml version [43,) wanted by oculus-581495-4763262_mapped_parchment_2022.11.27-1.19.2.jar
